2026-03-09 19:40:10 [restartedMain] INFO  com.example.demo.service.impl.AlbumServiceImpl - AlbumServiceImpl initialized
2026-03-09 19:40:10 [restartedMain] INFO  com.example.demo.service.impl.AnalyticsServiceImpl - AnalyticsServiceImpl initialized
2026-03-09 19:40:10 [restartedMain] INFO  com.example.demo.service.impl.ArtistServiceImpl - ArtistServiceImpl initialized
2026-03-09 19:40:10 [restartedMain] INFO  com.example.demo.service.impl.SongServiceImpl - SongServiceImpl initialized
2026-03-09 19:40:10 [restartedMain] INFO  com.example.demo.service.impl.AuthServiceImpl - AuthServiceImpl initialized
2026-03-09 19:40:10 [restartedMain] INFO  com.example.demo.service.impl.FavoriteServiceImpl - FavoriteServiceImpl initialized
2026-03-09 19:40:10 [restartedMain] INFO  com.example.demo.service.impl.HistoryServiceImpl - HistoryServiceImpl initialized
2026-03-09 19:40:10 [restartedMain] INFO  com.example.demo.service.impl.PlayerServiceImpl - PlayerServiceImpl initialized
2026-03-09 19:40:10 [restartedMain] INFO  com.example.demo.service.impl.PlaylistServiceImpl - PlaylistServiceImpl initialized
2026-03-09 19:40:10 [restartedMain] INFO  com.example.demo.service.impl.SearchServiceImpl - SearchServiceImpl initialized
2026-03-09 19:40:10 [restartedMain] INFO  com.example.demo.service.impl.UserServiceImpl - UserServiceImpl initialized
2026-03-09 19:41:12 [http-nio-8080-exec-2] INFO  com.example.demo.service.impl.AuthServiceImpl - Login attempt for email=nikhil@gmail.com
2026-03-09 19:41:13 [http-nio-8080-exec-2] INFO  com.example.demo.service.impl.AuthServiceImpl - Login successful email=nikhil@gmail.com role=USER
2026-03-09 19:41:13 [http-nio-8080-exec-1] INFO  com.example.demo.service.impl.UserServiceImpl - Fetching dashboard stats for user
2026-03-09 19:41:13 [http-nio-8080-exec-1] DEBUG com.example.demo.service.impl.UserServiceImpl - Current user email=nikhil@gmail.com
2026-03-09 19:41:13 [http-nio-8080-exec-1] DEBUG com.example.demo.service.impl.UserServiceImpl - Dashboard stats favorites=11 playlists=2 recent=167 listeningTime=11 hr 20 min
2026-03-09 19:41:13 [http-nio-8080-exec-3] INFO  com.example.demo.service.impl.UserServiceImpl - Fetching user profile
2026-03-09 19:41:13 [http-nio-8080-exec-3] DEBUG com.example.demo.service.impl.UserServiceImpl - Current user email=nikhil@gmail.com
2026-03-09 19:41:13 [http-nio-8080-exec-3] DEBUG com.example.demo.service.impl.UserServiceImpl - Mapping User to UserProfileDTO userId=41
2026-03-09 19:41:13 [http-nio-8080-exec-7] INFO  com.example.demo.service.impl.HistoryServiceImpl - Fetching recent listening history
2026-03-09 19:41:13 [http-nio-8080-exec-7] DEBUG com.example.demo.service.impl.HistoryServiceImpl - Current user email=nikhil@gmail.com
2026-03-09 19:41:13 [http-nio-8080-exec-7] DEBUG com.example.demo.service.impl.HistoryServiceImpl - Fetched 50 play history records
2026-03-09 19:41:13 [http-nio-8080-exec-7] DEBUG com.example.demo.service.impl.HistoryServiceImpl - Unique songs after filtering=28
2026-03-09 19:41:13 [http-nio-8080-exec-7] DEBUG com.example.demo.service.impl.HistoryServiceImpl - Mapping PlayHistory to DTO songId=105
2026-03-09 19:41:13 [http-nio-8080-exec-7] DEBUG com.example.demo.service.impl.HistoryServiceImpl - Mapping PlayHistory to DTO songId=104
2026-03-09 19:41:13 [http-nio-8080-exec-7] DEBUG com.example.demo.service.impl.HistoryServiceImpl - Mapping PlayHistory to DTO songId=103
2026-03-09 19:41:13 [http-nio-8080-exec-7] DEBUG com.example.demo.service.impl.HistoryServiceImpl - Mapping PlayHistory to DTO songId=102
2026-03-09 19:41:13 [http-nio-8080-exec-7] DEBUG com.example.demo.service.impl.HistoryServiceImpl - Mapping PlayHistory to DTO songId=3
2026-03-09 19:41:13 [http-nio-8080-exec-7] DEBUG com.example.demo.service.impl.HistoryServiceImpl - Mapping PlayHistory to DTO songId=1
2026-03-09 19:41:13 [http-nio-8080-exec-7] DEBUG com.example.demo.service.impl.HistoryServiceImpl - Mapping PlayHistory to DTO songId=85
2026-03-09 19:41:13 [http-nio-8080-exec-7] DEBUG com.example.demo.service.impl.HistoryServiceImpl - Mapping PlayHistory to DTO songId=94
2026-03-09 19:41:13 [http-nio-8080-exec-7] DEBUG com.example.demo.service.impl.HistoryServiceImpl - Mapping PlayHistory to DTO songId=46
2026-03-09 19:41:13 [http-nio-8080-exec-7] DEBUG com.example.demo.service.impl.HistoryServiceImpl - Mapping PlayHistory to DTO songId=45
2026-03-09 19:41:13 [http-nio-8080-exec-7] DEBUG com.example.demo.service.impl.HistoryServiceImpl - Mapping PlayHistory to DTO songId=49
2026-03-09 19:41:13 [http-nio-8080-exec-7] DEBUG com.example.demo.service.impl.HistoryServiceImpl - Mapping PlayHistory to DTO songId=98
2026-03-09 19:41:13 [http-nio-8080-exec-7] DEBUG com.example.demo.service.impl.HistoryServiceImpl - Mapping PlayHistory to DTO songId=97
2026-03-09 19:41:13 [http-nio-8080-exec-7] DEBUG com.example.demo.service.impl.HistoryServiceImpl - Mapping PlayHistory to DTO songId=96
2026-03-09 19:41:13 [http-nio-8080-exec-7] DEBUG com.example.demo.service.impl.HistoryServiceImpl - Mapping PlayHistory to DTO songId=50
2026-03-09 19:41:13 [http-nio-8080-exec-7] DEBUG com.example.demo.service.impl.HistoryServiceImpl - Mapping PlayHistory to DTO songId=33
2026-03-09 19:41:13 [http-nio-8080-exec-7] DEBUG com.example.demo.service.impl.HistoryServiceImpl - Mapping PlayHistory to DTO songId=32
2026-03-09 19:41:13 [http-nio-8080-exec-7] DEBUG com.example.demo.service.impl.HistoryServiceImpl - Mapping PlayHistory to DTO songId=31
2026-03-09 19:41:13 [http-nio-8080-exec-7] DEBUG com.example.demo.service.impl.HistoryServiceImpl - Mapping PlayHistory to DTO songId=30
2026-03-09 19:41:13 [http-nio-8080-exec-7] DEBUG com.example.demo.service.impl.HistoryServiceImpl - Mapping PlayHistory to DTO songId=28
2026-03-09 19:41:13 [http-nio-8080-exec-7] DEBUG com.example.demo.service.impl.HistoryServiceImpl - Mapping PlayHistory to DTO songId=29
2026-03-09 19:41:13 [http-nio-8080-exec-7] DEBUG com.example.demo.service.impl.HistoryServiceImpl - Mapping PlayHistory to DTO songId=26
2026-03-09 19:41:13 [http-nio-8080-exec-7] DEBUG com.example.demo.service.impl.HistoryServiceImpl - Mapping PlayHistory to DTO songId=27
2026-03-09 19:41:13 [http-nio-8080-exec-7] DEBUG com.example.demo.service.impl.HistoryServiceImpl - Mapping PlayHistory to DTO songId=22
2026-03-09 19:41:13 [http-nio-8080-exec-7] DEBUG com.example.demo.service.impl.HistoryServiceImpl - Mapping PlayHistory to DTO songId=41
2026-03-09 19:41:13 [http-nio-8080-exec-7] DEBUG com.example.demo.service.impl.HistoryServiceImpl - Mapping PlayHistory to DTO songId=40
2026-03-09 19:41:13 [http-nio-8080-exec-7] DEBUG com.example.demo.service.impl.HistoryServiceImpl - Mapping PlayHistory to DTO songId=48
2026-03-09 19:41:13 [http-nio-8080-exec-7] DEBUG com.example.demo.service.impl.HistoryServiceImpl - Mapping PlayHistory to DTO songId=47
2026-03-09 19:41:17 [http-nio-8080-exec-2] INFO  com.example.demo.service.impl.PlayerServiceImpl - Play song request received songId=105
2026-03-09 19:41:17 [http-nio-8080-exec-2] DEBUG com.example.demo.service.impl.PlayerServiceImpl - Current user email=nikhil@gmail.com
2026-03-09 19:41:17 [http-nio-8080-exec-2] DEBUG com.example.demo.service.impl.PlayerServiceImpl - Play count incremented songId=105 newCount=2
2026-03-09 19:41:18 [http-nio-8080-exec-2] INFO  com.example.demo.service.impl.PlayerServiceImpl - Play history saved userId=41 songId=105 secondsPlayed=138
2026-03-09 19:41:22 [http-nio-8080-exec-8] INFO  com.example.demo.service.impl.PlayerServiceImpl - Play song request received songId=102
2026-03-09 19:41:22 [http-nio-8080-exec-8] DEBUG com.example.demo.service.impl.PlayerServiceImpl - Current user email=nikhil@gmail.com
2026-03-09 19:41:22 [http-nio-8080-exec-8] DEBUG com.example.demo.service.impl.PlayerServiceImpl - Play count incremented songId=102 newCount=2
2026-03-09 19:41:22 [http-nio-8080-exec-8] INFO  com.example.demo.service.impl.PlayerServiceImpl - Play history saved userId=41 songId=102 secondsPlayed=330
2026-03-09 19:41:57 [http-nio-8080-exec-6] INFO  com.example.demo.service.impl.AuthServiceImpl - Login attempt for email=uday@gmail.com
2026-03-09 19:41:57 [http-nio-8080-exec-6] WARN  com.example.demo.service.impl.AuthServiceImpl - Login failed - user not found email=uday@gmail.com
2026-03-09 19:51:24 [restartedMain] INFO  com.example.demo.service.impl.AlbumServiceImpl - AlbumServiceImpl initialized
2026-03-09 19:51:25 [restartedMain] INFO  com.example.demo.service.impl.AnalyticsServiceImpl - AnalyticsServiceImpl initialized
2026-03-09 19:51:25 [restartedMain] INFO  com.example.demo.service.impl.ArtistServiceImpl - ArtistServiceImpl initialized
2026-03-09 19:51:25 [restartedMain] INFO  com.example.demo.service.impl.SongServiceImpl - SongServiceImpl initialized
2026-03-09 19:51:25 [restartedMain] INFO  com.example.demo.service.impl.AuthServiceImpl - AuthServiceImpl initialized
2026-03-09 19:51:25 [restartedMain] INFO  com.example.demo.service.impl.FavoriteServiceImpl - FavoriteServiceImpl initialized
2026-03-09 19:51:25 [restartedMain] INFO  com.example.demo.service.impl.HistoryServiceImpl - HistoryServiceImpl initialized
2026-03-09 19:51:25 [restartedMain] INFO  com.example.demo.service.impl.PlayerServiceImpl - PlayerServiceImpl initialized
2026-03-09 19:51:25 [restartedMain] INFO  com.example.demo.service.impl.PlaylistServiceImpl - PlaylistServiceImpl initialized
2026-03-09 19:51:25 [restartedMain] INFO  com.example.demo.service.impl.SearchServiceImpl - SearchServiceImpl initialized
2026-03-09 19:51:25 [restartedMain] INFO  com.example.demo.service.impl.UserServiceImpl - UserServiceImpl initialized
